Determining if the pthread_create exist failed with the following output:
Change Dir: /home/lishenghao/ros_workspace/SC0_ws/src/sc_msgs/cmake-build-debug/CMakeFiles/CMakeTmp

Run Build Command:"/usr/bin/make" "cmTC_235e0/fast"
/usr/bin/make -f CMakeFiles/cmTC_235e0.dir/build.make CMakeFiles/cmTC_235e0.dir/build
make[1]: Entering directory '/home/lishenghao/ros_workspace/SC0_ws/src/sc_msgs/cmake-build-debug/CMakeFiles/CMakeTmp'
Building C object CMakeFiles/cmTC_235e0.dir/CheckSymbolExists.c.o
/usr/bin/cc    -o CMakeFiles/cmTC_235e0.dir/CheckSymbolExists.c.o   -c /home/lishenghao/ros_workspace/SC0_ws/src/sc_msgs/cmake-build-debug/CMakeFiles/CMakeTmp/CheckSymbolExists.c
Linking C executable cmTC_235e0
/home/lishenghao/clion-2018.1.3/bin/cmake/bin/cmake -E cmake_link_script CMakeFiles/cmTC_235e0.dir/link.txt --verbose=1
/usr/bin/cc      -rdynamic CMakeFiles/cmTC_235e0.dir/CheckSymbolExists.c.o  -o cmTC_235e0 
CMakeFiles/cmTC_235e0.dir/CheckSymbolExists.c.o：在函数‘main’中：
CheckSymbolExists.c:(.text+0x16)：对‘pthread_create’未定义的引用
collect2: error: ld returned 1 exit status
CMakeFiles/cmTC_235e0.dir/build.make:97: recipe for target 'cmTC_235e0' failed
make[1]: *** [cmTC_235e0] Error 1
make[1]: Leaving directory '/home/lishenghao/ros_workspace/SC0_ws/src/sc_msgs/cmake-build-debug/CMakeFiles/CMakeTmp'
Makefile:126: recipe for target 'cmTC_235e0/fast' failed
make: *** [cmTC_235e0/fast] Error 2

File /home/lishenghao/ros_workspace/SC0_ws/src/sc_msgs/cmake-build-debug/CMakeFiles/CMakeTmp/CheckSymbolExists.c:
/* */
#include <pthread.h>

int main(int argc, char** argv)
{
  (void)argv;
#ifndef pthread_create
  return ((int*)(&pthread_create))[argc];
#else
  (void)argc;
  return 0;
#endif
}

Determining if the function pthread_create exists in the pthreads failed with the following output:
Change Dir: /home/lishenghao/ros_workspace/SC0_ws/src/sc_msgs/cmake-build-debug/CMakeFiles/CMakeTmp

Run Build Command:"/usr/bin/make" "cmTC_e062a/fast"
/usr/bin/make -f CMakeFiles/cmTC_e062a.dir/build.make CMakeFiles/cmTC_e062a.dir/build
make[1]: Entering directory '/home/lishenghao/ros_workspace/SC0_ws/src/sc_msgs/cmake-build-debug/CMakeFiles/CMakeTmp'
Building C object CMakeFiles/cmTC_e062a.dir/CheckFunctionExists.c.o
/usr/bin/cc   -DCHECK_FUNCTION_EXISTS=pthread_create   -o CMakeFiles/cmTC_e062a.dir/CheckFunctionExists.c.o   -c /home/lishenghao/clion-2018.1.3/bin/cmake/share/cmake-3.10/Modules/CheckFunctionExists.c
Linking C executable cmTC_e062a
/home/lishenghao/clion-2018.1.3/bin/cmake/bin/cmake -E cmake_link_script CMakeFiles/cmTC_e062a.dir/link.txt --verbose=1
/usr/bin/cc  -DCHECK_FUNCTION_EXISTS=pthread_create    -rdynamic CMakeFiles/cmTC_e062a.dir/CheckFunctionExists.c.o  -o cmTC_e062a -lpthreads 
/usr/bin/x86_64-linux-gnu-ld: 找不到 -lpthreads
collect2: error: ld returned 1 exit status
CMakeFiles/cmTC_e062a.dir/build.make:97: recipe for target 'cmTC_e062a' failed
make[1]: *** [cmTC_e062a] Error 1
make[1]: Leaving directory '/home/lishenghao/ros_workspace/SC0_ws/src/sc_msgs/cmake-build-debug/CMakeFiles/CMakeTmp'
Makefile:126: recipe for target 'cmTC_e062a/fast' failed
make: *** [cmTC_e062a/fast] Error 2


